Using pre-set license
Built from '2020.3/staging' branch; Version is '2020.3.17f1 (a4537701e4ab) revision 10769271'; Using compiler version '192528614'; Build Type 'Release'
OS: 'Windows 10 Home; OS build 19042.1288; Version 2009; 64bit' Language: 'en' Physical Memory: 32647 MB
BatchMode: 1, IsHumanControllingUs: 0, StartBugReporterOnCrash: 0, Is64bit: 1, IsPro: 0

COMMAND LINE ARGUMENTS:
D:\Program Files\unity 2020.3.15\2020.3.17f1\Editor\Unity.exe
-adb2
-batchMode
-noUpm
-name
AssetImportWorker0
-projectPath
D:/Program Files/unity 2020.3.15/BerkleeGameJam2021/GameJamProject
-logFile
Logs/AssetImportWorker0.log
-srvPort
62978
Successfully changed project path to: D:/Program Files/unity 2020.3.15/BerkleeGameJam2021/GameJamProject
D:/Program Files/unity 2020.3.15/BerkleeGameJam2021/GameJamProject
Using Asset Import Pipeline V2.
Refreshing native plugins compatible for Editor in 48.88 ms, found 3 plugins.
Preloading 0 native plugins for Editor in 0.00 ms.
Initialize engine version: 2020.3.17f1 (a4537701e4ab)
[Subsystems] Discovering subsystems at path D:/Program Files/unity 2020.3.15/2020.3.17f1/Editor/Data/Resources/UnitySubsystems
[Subsystems] Discovering subsystems at path D:/Program Files/unity 2020.3.15/BerkleeGameJam2021/GameJamProject/Assets
GfxDevice: creating device client; threaded=0
Direct3D:
    Version:  Direct3D 11.0 [level 11.1]
    Renderer: NVIDIA GeForce GTX 1060 (ID=0x1c20)
    Vendor:   
    VRAM:     6052 MB
    Driver:   30.0.14.7111
Initialize mono
Mono path[0] = 'D:/Program Files/unity 2020.3.15/2020.3.17f1/Editor/Data/Managed'
Mono path[1] = 'D:/Program Files/unity 2020.3.15/2020.3.17f1/Editor/Data/MonoBleedingEdge/lib/mono/unityjit'
Mono config path = 'D:/Program Files/unity 2020.3.15/2020.3.17f1/Editor/Data/MonoBleedingEdge/etc'
Using monoOptions --debugger-agent=transport=dt_socket,embedding=1,server=y,suspend=n,address=127.0.0.1:56552
Begin MonoManager ReloadAssembly
Registering precompiled unity dll's ...
Register platform support module: D:/Program Files/unity 2020.3.15/2020.3.17f1/Editor/Data/PlaybackEngines/WindowsStandaloneSupport/UnityEditor.WindowsStandalone.Extensions.dll
Registered in 0.003194 seconds.
Native extension for WindowsStandalone target not found
Refreshing native plugins compatible for Editor in 42.66 ms, found 3 plugins.
Preloading 0 native plugins for Editor in 0.00 ms.
Mono: successfully reloaded assembly
- Completed reload, in  0.987 seconds
Domain Reload Profiling:
	ReloadAssembly (987ms)
		BeginReloadAssembly (57ms)
			ExecutionOrderSort (0ms)
			DisableScriptedObjects (0ms)
			BackupInstance (0ms)
			ReleaseScriptingObjects (0ms)
			CreateAndSetChildDomain (1ms)
		EndReloadAssembly (448ms)
			LoadAssemblies (55ms)
			RebuildTransferFunctionScriptingTraits (0ms)
			SetupTypeCache (181ms)
			ReleaseScriptCaches (0ms)
			RebuildScriptCaches (30ms)
			SetupLoadedEditorAssemblies (167ms)
				LogAssemblyErrors (0ms)
				InitializePlatformSupportModulesInManaged (3ms)
				SetLoadedEditorAssemblies (0ms)
				RefreshPlugins (43ms)
				BeforeProcessingInitializeOnLoad (8ms)
				ProcessInitializeOnLoadAttributes (85ms)
				ProcessInitializeOnLoadMethodAttributes (28ms)
				AfterProcessingInitializeOnLoad (0ms)
				EditorAssembliesLoaded (0ms)
			ExecutionOrderSort2 (0ms)
			AwakeInstancesAfterBackupRestoration (0ms)
Platform modules already initialized, skipping
Registering precompiled user dll's ...
Registered in 0.003813 seconds.
Begin MonoManager ReloadAssembly
Native extension for WindowsStandalone target not found
Refreshing native plugins compatible for Editor in 42.50 ms, found 3 plugins.
Preloading 0 native plugins for Editor in 0.00 ms.
Mono: successfully reloaded assembly
- Completed reload, in  1.187 seconds
Domain Reload Profiling:
	ReloadAssembly (1187ms)
		BeginReloadAssembly (139ms)
			ExecutionOrderSort (0ms)
			DisableScriptedObjects (4ms)
			BackupInstance (0ms)
			ReleaseScriptingObjects (0ms)
			CreateAndSetChildDomain (18ms)
		EndReloadAssembly (989ms)
			LoadAssemblies (90ms)
			RebuildTransferFunctionScriptingTraits (0ms)
			SetupTypeCache (321ms)
			ReleaseScriptCaches (0ms)
			RebuildScriptCaches (46ms)
			SetupLoadedEditorAssemblies (407ms)
				LogAssemblyErrors (0ms)
				InitializePlatformSupportModulesInManaged (4ms)
				SetLoadedEditorAssemblies (0ms)
				RefreshPlugins (43ms)
				BeforeProcessingInitializeOnLoad (64ms)
				ProcessInitializeOnLoadAttributes (278ms)
				ProcessInitializeOnLoadMethodAttributes (13ms)
				AfterProcessingInitializeOnLoad (5ms)
				EditorAssembliesLoaded (0ms)
			ExecutionOrderSort2 (0ms)
			AwakeInstancesAfterBackupRestoration (7ms)
Platform modules already initialized, skipping
========================================================================
Worker process is ready to serve import requests
Launched and connected shader compiler UnityShaderCompiler.exe after 0.05 seconds
Refreshing native plugins compatible for Editor in 0.42 ms, found 3 plugins.
Preloading 0 native plugins for Editor in 0.00 ms.
Unloading 2142 Unused Serialized files (Serialized files now loaded: 0)
System memory in use before: 96.5 MB.
System memory in use after: 96.6 MB.

Unloading 28 unused Assets to reduce memory usage. Loaded Objects now: 2582.
Total: 3.137100 ms (FindLiveObjects: 0.203400 ms CreateObjectMapping: 0.088500 ms MarkObjects: 2.766400 ms  DeleteObjects: 0.077700 ms)

AssetImportParameters requested are different than current active one (requested -> active):
  custom:framework-win-MediaFoundation: 216162199b28c13a410421893ffa2e32 -> 
  custom:video-decoder-ogg-theora: a1e56fd34408186e4bbccfd4996cb3dc -> 
  custom:container-muxer-webm: aa71ff27fc2769a1b78a27578f13a17b -> 
  custom:container-demuxer-webm: 4f35f7cbe854078d1ac9338744f61a02 -> 
  custom:container-demuxer-ogg: 62fdf1f143b41e24485cea50d1cbac27 -> 
  custom:video-encoder-webm-vp8: eb34c28f22e8b96e1ab97ce403110664 -> 
  custom:video-codec-MediaFoundation-h265: 746d11721c4dcdbdad8f713fa42b33f4 -> 
  custom:video-decoder-webm-vp8: 9c59270c3fd7afecdb556c50c9e8de78 -> 
  custom:audio-decoder-ogg-vorbis: bf7c407c2cedff20999df2af8eb42d56 -> 
  custom:audio-encoder-webm-vorbis: bf7c407c2cedff20999df2af8eb42d56 -> 
========================================================================
Received Import Request.
  path: Assets/Assets/HelpMenuBackground.png
  artifactKey: Guid(63b91e0725cbebb4eada80484f98a296) Importer(815301076,1909f56bfc062723c751e8b465ee728b)
Start importing Assets/Assets/HelpMenuBackground.png using Guid(63b91e0725cbebb4eada80484f98a296) Importer(815301076,1909f56bfc062723c751e8b465ee728b)  -> (artifact id: 'b39c37a34aeb427c4d7a218d4f31219a') in 0.104342 seconds 
  Import took 0.107310 seconds .

========================================================================
Received Import Request.
  Time since last request: 0.000310 seconds.
  path: Assets/Assets/leftclick.png
  artifactKey: Guid(16a4ac7c81e95704d934d23edc9564c8) Importer(815301076,1909f56bfc062723c751e8b465ee728b)
Start importing Assets/Assets/leftclick.png using Guid(16a4ac7c81e95704d934d23edc9564c8) Importer(815301076,1909f56bfc062723c751e8b465ee728b)  -> (artifact id: 'bf86840b59e02caa572f476aedb2a681') in 0.018309 seconds 
  Import took 0.021322 seconds .

========================================================================
Received Import Request.
  Time since last request: 0.000337 seconds.
  path: Assets/Assets/261420-200.png
  artifactKey: Guid(07e167ce5e5a6304a9f6bc87c3d92e86) Importer(815301076,1909f56bfc062723c751e8b465ee728b)
Start importing Assets/Assets/261420-200.png using Guid(07e167ce5e5a6304a9f6bc87c3d92e86) Importer(815301076,1909f56bfc062723c751e8b465ee728b)  -> (artifact id: 'b0b93dfd8873dd51a40be9f2d2e1529c') in 0.012645 seconds 
  Import took 0.015954 seconds .

========================================================================
Received Import Request.
  Time since last request: 0.000264 seconds.
  path: Assets/Assets/876-8762369_quitbutton-quit-button.png
  artifactKey: Guid(af5a1e9e137547f4b914d049839a79b3) Importer(815301076,1909f56bfc062723c751e8b465ee728b)
Start importing Assets/Assets/876-8762369_quitbutton-quit-button.png using Guid(af5a1e9e137547f4b914d049839a79b3) Importer(815301076,1909f56bfc062723c751e8b465ee728b)  -> (artifact id: 'da8f6cd502babd8f071b1493de7337a6') in 0.019041 seconds 
  Import took 0.022099 seconds .

========================================================================
Received Import Request.
  Time since last request: 0.000260 seconds.
  path: Assets/Assets/paperbg.png
  artifactKey: Guid(3ceb11cd9266343e6b2218caffa07884) Importer(815301076,1909f56bfc062723c751e8b465ee728b)
Start importing Assets/Assets/paperbg.png using Guid(3ceb11cd9266343e6b2218caffa07884) Importer(815301076,1909f56bfc062723c751e8b465ee728b)  -> (artifact id: '845e85baad6237116b560e380186bab2') in 0.016824 seconds 
  Import took 0.019754 seconds .

========================================================================
Received Import Request.
  Time since last request: 0.000260 seconds.
  path: Assets/Assets/SpaceModeBlock.jpg
  artifactKey: Guid(59880abe113024f439bb47172c7608c4) Importer(815301076,1909f56bfc062723c751e8b465ee728b)
Start importing Assets/Assets/SpaceModeBlock.jpg using Guid(59880abe113024f439bb47172c7608c4) Importer(815301076,1909f56bfc062723c751e8b465ee728b)  -> (artifact id: '49f0f4535c738a6d8e2ba01b635cb399') in 0.030880 seconds 
  Import took 0.033996 seconds .

========================================================================
Received Import Request.
  Time since last request: 0.000289 seconds.
  path: Assets/Assets/mode 1.png
  artifactKey: Guid(6253e5ee22261477d8ed105d610848de) Importer(815301076,1909f56bfc062723c751e8b465ee728b)
Start importing Assets/Assets/mode 1.png using Guid(6253e5ee22261477d8ed105d610848de) Importer(815301076,1909f56bfc062723c751e8b465ee728b)  -> (artifact id: '64164c019852d5926fc53cbcae497443') in 0.016880 seconds 
  Import took 0.019818 seconds .

========================================================================
Received Import Request.
  Time since last request: 0.000293 seconds.
  path: Assets/Assets/mainMenuImg.png
  artifactKey: Guid(82101f5d7a9edda4ab2476e648120aa4) Importer(815301076,1909f56bfc062723c751e8b465ee728b)
Start importing Assets/Assets/mainMenuImg.png using Guid(82101f5d7a9edda4ab2476e648120aa4) Importer(815301076,1909f56bfc062723c751e8b465ee728b)  -> (artifact id: '88049f160355050672a7a07bbd4cdde4') in 0.017182 seconds 
  Import took 0.020200 seconds .

========================================================================
Received Import Request.
  Time since last request: 0.000249 seconds.
  path: Assets/Assets/StaffModeBlock.jpg
  artifactKey: Guid(8853d94e083dc1f468ca473cbe9c887c) Importer(815301076,1909f56bfc062723c751e8b465ee728b)
Start importing Assets/Assets/StaffModeBlock.jpg using Guid(8853d94e083dc1f468ca473cbe9c887c) Importer(815301076,1909f56bfc062723c751e8b465ee728b)  -> (artifact id: '3d661da03a40cbc2d280ee5db1077ed7') in 0.018111 seconds 
  Import took 0.022036 seconds .

========================================================================
Received Import Request.
  Time since last request: 0.000261 seconds.
  path: Assets/Assets/udlr.png
  artifactKey: Guid(b898ea96a087f7140a647eabd816fac3) Importer(815301076,1909f56bfc062723c751e8b465ee728b)
Start importing Assets/Assets/udlr.png using Guid(b898ea96a087f7140a647eabd816fac3) Importer(815301076,1909f56bfc062723c751e8b465ee728b)  -> (artifact id: '891f88cb5357155afca799cf1947975f') in 0.024465 seconds 
  Import took 0.027554 seconds .

========================================================================
Received Import Request.
  Time since last request: 0.000302 seconds.
  path: Assets/Assets/exit button.png
  artifactKey: Guid(ac07a417b590471419d3fb33f217e5b9) Importer(815301076,1909f56bfc062723c751e8b465ee728b)
Start importing Assets/Assets/exit button.png using Guid(ac07a417b590471419d3fb33f217e5b9) Importer(815301076,1909f56bfc062723c751e8b465ee728b)  -> (artifact id: '92c890ce988e9d10eada5a9ab56fd2a5') in 0.013108 seconds 
  Import took 0.016432 seconds .

========================================================================
Received Import Request.
  Time since last request: 0.000214 seconds.
  path: Assets/Assets/down.png
  artifactKey: Guid(f80725bc4e50fd642bc697f15d78c9d2) Importer(815301076,1909f56bfc062723c751e8b465ee728b)
Start importing Assets/Assets/down.png using Guid(f80725bc4e50fd642bc697f15d78c9d2) Importer(815301076,1909f56bfc062723c751e8b465ee728b)  -> (artifact id: 'c8318ae8b356d31a52a98603b7a65d36') in 0.016980 seconds 
  Import took 0.020082 seconds .

========================================================================
Received Import Request.
  Time since last request: 0.000270 seconds.
  path: Assets/Assets/1.png
  artifactKey: Guid(7e320fd17026241fa8336d7f28fa2f9e) Importer(815301076,1909f56bfc062723c751e8b465ee728b)
Start importing Assets/Assets/1.png using Guid(7e320fd17026241fa8336d7f28fa2f9e) Importer(815301076,1909f56bfc062723c751e8b465ee728b)  -> (artifact id: '354bd71312400ede975847f89234efe9') in 0.016180 seconds 
  Import took 0.019038 seconds .

========================================================================
Received Import Request.
  Time since last request: 0.000235 seconds.
  path: Assets/Assets/557437-200 (1).png
  artifactKey: Guid(c445de66b5b14e54191aad79964fce4a) Importer(815301076,1909f56bfc062723c751e8b465ee728b)
Start importing Assets/Assets/557437-200 (1).png using Guid(c445de66b5b14e54191aad79964fce4a) Importer(815301076,1909f56bfc062723c751e8b465ee728b)  -> (artifact id: '601f7a32fb9c74b71a0d21324539e1e5') in 0.016698 seconds 
  Import took 0.019706 seconds .

========================================================================
Received Import Request.
  Time since last request: 0.000262 seconds.
  path: Assets/Assets/musicPlayButton (1).png
  artifactKey: Guid(ca7156bdc8f4f8343a4e81d98376688d) Importer(815301076,1909f56bfc062723c751e8b465ee728b)
Start importing Assets/Assets/musicPlayButton (1).png using Guid(ca7156bdc8f4f8343a4e81d98376688d) Importer(815301076,1909f56bfc062723c751e8b465ee728b)  -> (artifact id: '755687888a9021826c832d73a05e8715') in 0.015978 seconds 
  Import took 0.019163 seconds .

========================================================================
Received Import Request.
  Time since last request: 0.000203 seconds.
  path: Assets/Assets/rightclick.png
  artifactKey: Guid(7ebb67567d6f19247a78d2fca394307d) Importer(815301076,1909f56bfc062723c751e8b465ee728b)
Start importing Assets/Assets/rightclick.png using Guid(7ebb67567d6f19247a78d2fca394307d) Importer(815301076,1909f56bfc062723c751e8b465ee728b)  -> (artifact id: '98182bd5824b32558e799f526a6b3b6d') in 0.013078 seconds 
  Import took 0.016212 seconds .

========================================================================
Received Import Request.
  Time since last request: 0.000153 seconds.
  path: Assets/Assets/up.png
  artifactKey: Guid(afc07f2f5fb39c24a8393b74445fff6e) Importer(815301076,1909f56bfc062723c751e8b465ee728b)
Start importing Assets/Assets/up.png using Guid(afc07f2f5fb39c24a8393b74445fff6e) Importer(815301076,1909f56bfc062723c751e8b465ee728b)  -> (artifact id: 'b2e7b6cea5340b951c78bcf264b8f734') in 0.012820 seconds 
  Import took 0.015876 seconds .

========================================================================
Received Import Request.
  Time since last request: 6.758893 seconds.
  path: Assets/Scenes/PauseScreen.unity
  artifactKey: Guid(ac604f29dc2b31146a3115cf71112b56) Importer(815301076,1909f56bfc062723c751e8b465ee728b)
Start importing Assets/Scenes/PauseScreen.unity using Guid(ac604f29dc2b31146a3115cf71112b56) Importer(815301076,1909f56bfc062723c751e8b465ee728b)  -> (artifact id: '1070c09e19b9c1f1259513ba377265b7') in 0.006292 seconds 
  Import took 0.009830 seconds .

========================================================================
Received Import Request.
  Time since last request: 35.011726 seconds.
  path: Assets/Scenes/Menu.unity
  artifactKey: Guid(2926e3288ffe35e458c5e6c671e4c801) Importer(815301076,1909f56bfc062723c751e8b465ee728b)
Start importing Assets/Scenes/Menu.unity using Guid(2926e3288ffe35e458c5e6c671e4c801) Importer(815301076,1909f56bfc062723c751e8b465ee728b)  -> (artifact id: '2f755e80c1e41b6981bec705218d0372') in 0.003025 seconds 
  Import took 0.007207 seconds .

========================================================================
Received Import Request.
  Time since last request: 0.000938 seconds.
  path: Assets/Scenes/Menu.unity
  artifactKey: Guid(2926e3288ffe35e458c5e6c671e4c801) Importer(815301076,1909f56bfc062723c751e8b465ee728b)
Start importing Assets/Scenes/Menu.unity using Guid(2926e3288ffe35e458c5e6c671e4c801) Importer(815301076,1909f56bfc062723c751e8b465ee728b)  -> (artifact id: '2f755e80c1e41b6981bec705218d0372') in 0.002136 seconds 
  Import took 0.005506 seconds .

========================================================================
Received Import Request.
  Time since last request: 4.230075 seconds.
  path: Assets/Scripts/playerUno.cs
  artifactKey: Guid(912cfb9f0b9ce41039c7174a5858cdac) Importer(815301076,1909f56bfc062723c751e8b465ee728b)
Start importing Assets/Scripts/playerUno.cs using Guid(912cfb9f0b9ce41039c7174a5858cdac) Importer(815301076,1909f56bfc062723c751e8b465ee728b)  -> (artifact id: '3dba81543cd3820a904e67f516fd4713') in 0.004624 seconds 
  Import took 0.008020 seconds .

========================================================================
Received Import Request.
  Time since last request: 0.002326 seconds.
  path: Assets/Scripts/playerUno.cs
  artifactKey: Guid(912cfb9f0b9ce41039c7174a5858cdac) Importer(815301076,1909f56bfc062723c751e8b465ee728b)
Start importing Assets/Scripts/playerUno.cs using Guid(912cfb9f0b9ce41039c7174a5858cdac) Importer(815301076,1909f56bfc062723c751e8b465ee728b)  -> (artifact id: '3dba81543cd3820a904e67f516fd4713') in 0.002376 seconds 
  Import took 0.005566 seconds .

========================================================================
Received Import Request.
  Time since last request: 43.700027 seconds.
  path: Assets/Scripts/GameManager.cs
  artifactKey: Guid(62c7ac36af5eaca45bf1dbbb3e6584fb) Importer(815301076,1909f56bfc062723c751e8b465ee728b)
Start importing Assets/Scripts/GameManager.cs using Guid(62c7ac36af5eaca45bf1dbbb3e6584fb) Importer(815301076,1909f56bfc062723c751e8b465ee728b)  -> (artifact id: '7fc7f66a8ce83f465632665d6fe805b5') in 0.006365 seconds 
  Import took 0.010169 seconds .

========================================================================
Received Import Request.
  Time since last request: 0.001409 seconds.
  path: Assets/Scripts/GameManager.cs
  artifactKey: Guid(62c7ac36af5eaca45bf1dbbb3e6584fb) Importer(815301076,1909f56bfc062723c751e8b465ee728b)
Start importing Assets/Scripts/GameManager.cs using Guid(62c7ac36af5eaca45bf1dbbb3e6584fb) Importer(815301076,1909f56bfc062723c751e8b465ee728b)  -> (artifact id: '7fc7f66a8ce83f465632665d6fe805b5') in 0.002171 seconds 
  Import took 0.006107 seconds .

========================================================================
Received Import Request.
  Time since last request: 0.472869 seconds.
  path: Assets/Scripts/CollisionDetector.cs
  artifactKey: Guid(3d624c779e62d4f438d06baddadb1d07) Importer(815301076,1909f56bfc062723c751e8b465ee728b)
Start importing Assets/Scripts/CollisionDetector.cs using Guid(3d624c779e62d4f438d06baddadb1d07) Importer(815301076,1909f56bfc062723c751e8b465ee728b)  -> (artifact id: '035e2b9f4d6efb58b5e1bb14672cbb2e') in 0.005952 seconds 
  Import took 0.009028 seconds .

========================================================================
Received Prepare
Registering precompiled user dll's ...
Registered in 0.003514 seconds.
Begin MonoManager ReloadAssembly
Native extension for WindowsStandalone target not found
Refreshing native plugins compatible for Editor in 0.50 ms, found 3 plugins.
Preloading 0 native plugins for Editor in 0.00 ms.
Mono: successfully reloaded assembly
- Completed reload, in  1.084 seconds
Domain Reload Profiling:
	ReloadAssembly (1084ms)
		BeginReloadAssembly (127ms)
			ExecutionOrderSort (0ms)
			DisableScriptedObjects (8ms)
			BackupInstance (0ms)
			ReleaseScriptingObjects (0ms)
			CreateAndSetChildDomain (42ms)
		EndReloadAssembly (891ms)
			LoadAssemblies (95ms)
			RebuildTransferFunctionScriptingTraits (0ms)
			SetupTypeCache (313ms)
			ReleaseScriptCaches (1ms)
			RebuildScriptCaches (45ms)
			SetupLoadedEditorAssemblies (344ms)
				LogAssemblyErrors (0ms)
				InitializePlatformSupportModulesInManaged (4ms)
				SetLoadedEditorAssemblies (0ms)
				RefreshPlugins (1ms)
				BeforeProcessingInitializeOnLoad (56ms)
				ProcessInitializeOnLoadAttributes (272ms)
				ProcessInitializeOnLoadMethodAttributes (6ms)
				AfterProcessingInitializeOnLoad (5ms)
				EditorAssembliesLoaded (0ms)
			ExecutionOrderSort2 (0ms)
			AwakeInstancesAfterBackupRestoration (11ms)
Platform modules already initialized, skipping
Refreshing native plugins compatible for Editor in 0.48 ms, found 3 plugins.
Preloading 0 native plugins for Editor in 0.00 ms.
Unloading 2119 Unused Serialized files (Serialized files now loaded: 0)
System memory in use before: 97.6 MB.
System memory in use after: 97.8 MB.

Unloading 16 unused Assets to reduce memory usage. Loaded Objects now: 2601.
Total: 3.692500 ms (FindLiveObjects: 0.233600 ms CreateObjectMapping: 0.080300 ms MarkObjects: 3.353600 ms  DeleteObjects: 0.023800 ms)

AssetImportParameters requested are different than current active one (requested -> active):
  custom:framework-win-MediaFoundation: 216162199b28c13a410421893ffa2e32 -> 
  custom:video-decoder-ogg-theora: a1e56fd34408186e4bbccfd4996cb3dc -> 
  custom:container-muxer-webm: aa71ff27fc2769a1b78a27578f13a17b -> 
  custom:container-demuxer-webm: 4f35f7cbe854078d1ac9338744f61a02 -> 
  custom:container-demuxer-ogg: 62fdf1f143b41e24485cea50d1cbac27 -> 
  custom:video-encoder-webm-vp8: eb34c28f22e8b96e1ab97ce403110664 -> 
  custom:video-codec-MediaFoundation-h265: 746d11721c4dcdbdad8f713fa42b33f4 -> 
  custom:video-decoder-webm-vp8: 9c59270c3fd7afecdb556c50c9e8de78 -> 
  custom:audio-decoder-ogg-vorbis: bf7c407c2cedff20999df2af8eb42d56 -> 
  custom:audio-encoder-webm-vorbis: bf7c407c2cedff20999df2af8eb42d56 -> 
========================================================================
Received Import Request.
  Time since last request: 74.228541 seconds.
  path: Assets/Scripts/GameManager.cs
  artifactKey: Guid(62c7ac36af5eaca45bf1dbbb3e6584fb) Importer(815301076,1909f56bfc062723c751e8b465ee728b)
Start importing Assets/Scripts/GameManager.cs using Guid(62c7ac36af5eaca45bf1dbbb3e6584fb) Importer(815301076,1909f56bfc062723c751e8b465ee728b)  -> (artifact id: '3711cc4f771badbc810c9c8cb332df85') in 0.003998 seconds 
  Import took 0.007370 seconds .

========================================================================
Received Import Request.
  Time since last request: 311.845902 seconds.
  path: Assets/animation/resume.controller
  artifactKey: Guid(1487fa5ee75f5444ab95e9b02afe9b87) Importer(815301076,1909f56bfc062723c751e8b465ee728b)
Start importing Assets/animation/resume.controller using Guid(1487fa5ee75f5444ab95e9b02afe9b87) Importer(815301076,1909f56bfc062723c751e8b465ee728b)  -> (artifact id: '68a455d31c238602aa03bda4cfffc9eb') in 0.016889 seconds 
  Import took 0.020696 seconds .

========================================================================
Received Prepare
Registering precompiled user dll's ...
Registered in 0.003580 seconds.
Begin MonoManager ReloadAssembly
Native extension for WindowsStandalone target not found
Refreshing native plugins compatible for Editor in 0.46 ms, found 3 plugins.
Preloading 0 native plugins for Editor in 0.00 ms.
Mono: successfully reloaded assembly
- Completed reload, in  1.060 seconds
Domain Reload Profiling:
	ReloadAssembly (1060ms)
		BeginReloadAssembly (114ms)
			ExecutionOrderSort (0ms)
			DisableScriptedObjects (9ms)
			BackupInstance (0ms)
			ReleaseScriptingObjects (0ms)
			CreateAndSetChildDomain (35ms)
		EndReloadAssembly (887ms)
			LoadAssemblies (83ms)
			RebuildTransferFunctionScriptingTraits (0ms)
			SetupTypeCache (300ms)
			ReleaseScriptCaches (1ms)
			RebuildScriptCaches (46ms)
			SetupLoadedEditorAssemblies (351ms)
				LogAssemblyErrors (0ms)
				InitializePlatformSupportModulesInManaged (5ms)
				SetLoadedEditorAssemblies (0ms)
				RefreshPlugins (1ms)
				BeforeProcessingInitializeOnLoad (56ms)
				ProcessInitializeOnLoadAttributes (280ms)
				ProcessInitializeOnLoadMethodAttributes (6ms)
				AfterProcessingInitializeOnLoad (5ms)
				EditorAssembliesLoaded (0ms)
			ExecutionOrderSort2 (0ms)
			AwakeInstancesAfterBackupRestoration (10ms)
Platform modules already initialized, skipping
Refreshing native plugins compatible for Editor in 0.45 ms, found 3 plugins.
Preloading 0 native plugins for Editor in 0.00 ms.
Unloading 2119 Unused Serialized files (Serialized files now loaded: 0)
System memory in use before: 97.7 MB.
System memory in use after: 97.8 MB.

Unloading 16 unused Assets to reduce memory usage. Loaded Objects now: 2604.
Total: 3.558800 ms (FindLiveObjects: 0.211500 ms CreateObjectMapping: 0.078400 ms MarkObjects: 3.245500 ms  DeleteObjects: 0.022300 ms)

AssetImportParameters requested are different than current active one (requested -> active):
  custom:framework-win-MediaFoundation: 216162199b28c13a410421893ffa2e32 -> 
  custom:video-decoder-ogg-theora: a1e56fd34408186e4bbccfd4996cb3dc -> 
  custom:container-muxer-webm: aa71ff27fc2769a1b78a27578f13a17b -> 
  custom:container-demuxer-webm: 4f35f7cbe854078d1ac9338744f61a02 -> 
  custom:container-demuxer-ogg: 62fdf1f143b41e24485cea50d1cbac27 -> 
  custom:video-encoder-webm-vp8: eb34c28f22e8b96e1ab97ce403110664 -> 
  custom:video-codec-MediaFoundation-h265: 746d11721c4dcdbdad8f713fa42b33f4 -> 
  custom:video-decoder-webm-vp8: 9c59270c3fd7afecdb556c50c9e8de78 -> 
  custom:audio-decoder-ogg-vorbis: bf7c407c2cedff20999df2af8eb42d56 -> 
  custom:audio-encoder-webm-vorbis: bf7c407c2cedff20999df2af8eb42d56 -> 
========================================================================
Received Prepare
Registering precompiled user dll's ...
Registered in 0.003612 seconds.
Begin MonoManager ReloadAssembly
Native extension for WindowsStandalone target not found
Refreshing native plugins compatible for Editor in 0.45 ms, found 3 plugins.
Preloading 0 native plugins for Editor in 0.00 ms.
Mono: successfully reloaded assembly
- Completed reload, in  1.094 seconds
Domain Reload Profiling:
	ReloadAssembly (1094ms)
		BeginReloadAssembly (118ms)
			ExecutionOrderSort (0ms)
			DisableScriptedObjects (6ms)
			BackupInstance (0ms)
			ReleaseScriptingObjects (0ms)
			CreateAndSetChildDomain (34ms)
		EndReloadAssembly (915ms)
			LoadAssemblies (88ms)
			RebuildTransferFunctionScriptingTraits (0ms)
			SetupTypeCache (288ms)
			ReleaseScriptCaches (1ms)
			RebuildScriptCaches (44ms)
			SetupLoadedEditorAssemblies (377ms)
				LogAssemblyErrors (0ms)
				InitializePlatformSupportModulesInManaged (5ms)
				SetLoadedEditorAssemblies (0ms)
				RefreshPlugins (1ms)
				BeforeProcessingInitializeOnLoad (58ms)
				ProcessInitializeOnLoadAttributes (303ms)
				ProcessInitializeOnLoadMethodAttributes (6ms)
				AfterProcessingInitializeOnLoad (5ms)
				EditorAssembliesLoaded (0ms)
			ExecutionOrderSort2 (0ms)
			AwakeInstancesAfterBackupRestoration (13ms)
Platform modules already initialized, skipping
Refreshing native plugins compatible for Editor in 0.46 ms, found 3 plugins.
Preloading 0 native plugins for Editor in 0.00 ms.
Unloading 2119 Unused Serialized files (Serialized files now loaded: 0)
System memory in use before: 97.7 MB.
System memory in use after: 97.8 MB.

Unloading 16 unused Assets to reduce memory usage. Loaded Objects now: 2607.
Total: 3.403300 ms (FindLiveObjects: 0.192300 ms CreateObjectMapping: 0.085000 ms MarkObjects: 3.099100 ms  DeleteObjects: 0.025400 ms)

AssetImportParameters requested are different than current active one (requested -> active):
  custom:framework-win-MediaFoundation: 216162199b28c13a410421893ffa2e32 -> 
  custom:video-decoder-ogg-theora: a1e56fd34408186e4bbccfd4996cb3dc -> 
  custom:container-muxer-webm: aa71ff27fc2769a1b78a27578f13a17b -> 
  custom:container-demuxer-webm: 4f35f7cbe854078d1ac9338744f61a02 -> 
  custom:container-demuxer-ogg: 62fdf1f143b41e24485cea50d1cbac27 -> 
  custom:video-encoder-webm-vp8: eb34c28f22e8b96e1ab97ce403110664 -> 
  custom:video-codec-MediaFoundation-h265: 746d11721c4dcdbdad8f713fa42b33f4 -> 
  custom:video-decoder-webm-vp8: 9c59270c3fd7afecdb556c50c9e8de78 -> 
  custom:audio-decoder-ogg-vorbis: bf7c407c2cedff20999df2af8eb42d56 -> 
  custom:audio-encoder-webm-vorbis: bf7c407c2cedff20999df2af8eb42d56 -> 
========================================================================
Received Import Request.
  Time since last request: 110.459834 seconds.
  path: Assets/animation/QuitGame2.controller
  artifactKey: Guid(5ccd75f96a5f12a4383710d707a2d2b4) Importer(815301076,1909f56bfc062723c751e8b465ee728b)
Start importing Assets/animation/QuitGame2.controller using Guid(5ccd75f96a5f12a4383710d707a2d2b4) Importer(815301076,1909f56bfc062723c751e8b465ee728b)  -> (artifact id: '09a09d52ad85ce8b0b05aab96b9573d2') in 0.017774 seconds 
  Import took 0.021000 seconds .

========================================================================
Received Prepare
Registering precompiled user dll's ...
Registered in 0.004427 seconds.
Begin MonoManager ReloadAssembly
Native extension for WindowsStandalone target not found
Refreshing native plugins compatible for Editor in 0.46 ms, found 3 plugins.
Preloading 0 native plugins for Editor in 0.00 ms.
Mono: successfully reloaded assembly
- Completed reload, in  1.053 seconds
Domain Reload Profiling:
	ReloadAssembly (1053ms)
		BeginReloadAssembly (120ms)
			ExecutionOrderSort (0ms)
			DisableScriptedObjects (6ms)
			BackupInstance (0ms)
			ReleaseScriptingObjects (0ms)
			CreateAndSetChildDomain (34ms)
		EndReloadAssembly (877ms)
			LoadAssemblies (89ms)
			RebuildTransferFunctionScriptingTraits (0ms)
			SetupTypeCache (277ms)
			ReleaseScriptCaches (1ms)
			RebuildScriptCaches (42ms)
			SetupLoadedEditorAssemblies (376ms)
				LogAssemblyErrors (0ms)
				InitializePlatformSupportModulesInManaged (4ms)
				SetLoadedEditorAssemblies (0ms)
				RefreshPlugins (1ms)
				BeforeProcessingInitializeOnLoad (61ms)
				ProcessInitializeOnLoadAttributes (299ms)
				ProcessInitializeOnLoadMethodAttributes (6ms)
				AfterProcessingInitializeOnLoad (5ms)
				EditorAssembliesLoaded (0ms)
			ExecutionOrderSort2 (0ms)
			AwakeInstancesAfterBackupRestoration (10ms)
Platform modules already initialized, skipping
Refreshing native plugins compatible for Editor in 0.53 ms, found 3 plugins.
Preloading 0 native plugins for Editor in 0.00 ms.
Unloading 2119 Unused Serialized files (Serialized files now loaded: 0)
System memory in use before: 97.7 MB.
System memory in use after: 97.8 MB.

Unloading 16 unused Assets to reduce memory usage. Loaded Objects now: 2610.
Total: 3.185300 ms (FindLiveObjects: 0.205000 ms CreateObjectMapping: 0.074400 ms MarkObjects: 2.884800 ms  DeleteObjects: 0.020300 ms)

AssetImportParameters requested are different than current active one (requested -> active):
  custom:framework-win-MediaFoundation: 216162199b28c13a410421893ffa2e32 -> 
  custom:video-decoder-ogg-theora: a1e56fd34408186e4bbccfd4996cb3dc -> 
  custom:container-muxer-webm: aa71ff27fc2769a1b78a27578f13a17b -> 
  custom:container-demuxer-webm: 4f35f7cbe854078d1ac9338744f61a02 -> 
  custom:container-demuxer-ogg: 62fdf1f143b41e24485cea50d1cbac27 -> 
  custom:video-encoder-webm-vp8: eb34c28f22e8b96e1ab97ce403110664 -> 
  custom:video-codec-MediaFoundation-h265: 746d11721c4dcdbdad8f713fa42b33f4 -> 
  custom:video-decoder-webm-vp8: 9c59270c3fd7afecdb556c50c9e8de78 -> 
  custom:audio-decoder-ogg-vorbis: bf7c407c2cedff20999df2af8eb42d56 -> 
  custom:audio-encoder-webm-vorbis: bf7c407c2cedff20999df2af8eb42d56 -> 
========================================================================
Received Prepare
Registering precompiled user dll's ...
Registered in 0.003539 seconds.
Begin MonoManager ReloadAssembly
Native extension for WindowsStandalone target not found
Refreshing native plugins compatible for Editor in 0.45 ms, found 3 plugins.
Preloading 0 native plugins for Editor in 0.00 ms.
Mono: successfully reloaded assembly
- Completed reload, in  1.039 seconds
Domain Reload Profiling:
	ReloadAssembly (1040ms)
		BeginReloadAssembly (107ms)
			ExecutionOrderSort (0ms)
			DisableScriptedObjects (6ms)
			BackupInstance (0ms)
			ReleaseScriptingObjects (0ms)
			CreateAndSetChildDomain (32ms)
		EndReloadAssembly (875ms)
			LoadAssemblies (84ms)
			RebuildTransferFunctionScriptingTraits (0ms)
			SetupTypeCache (273ms)
			ReleaseScriptCaches (1ms)
			RebuildScriptCaches (44ms)
			SetupLoadedEditorAssemblies (363ms)
				LogAssemblyErrors (0ms)
				InitializePlatformSupportModulesInManaged (5ms)
				SetLoadedEditorAssemblies (0ms)
				RefreshPlugins (1ms)
				BeforeProcessingInitializeOnLoad (60ms)
				ProcessInitializeOnLoadAttributes (287ms)
				ProcessInitializeOnLoadMethodAttributes (6ms)
				AfterProcessingInitializeOnLoad (5ms)
				EditorAssembliesLoaded (0ms)
			ExecutionOrderSort2 (0ms)
			AwakeInstancesAfterBackupRestoration (10ms)
Platform modules already initialized, skipping
Refreshing native plugins compatible for Editor in 0.45 ms, found 3 plugins.
Preloading 0 native plugins for Editor in 0.00 ms.
Unloading 2119 Unused Serialized files (Serialized files now loaded: 0)
System memory in use before: 97.7 MB.
System memory in use after: 97.9 MB.

Unloading 16 unused Assets to reduce memory usage. Loaded Objects now: 2613.
Total: 2.900200 ms (FindLiveObjects: 0.224300 ms CreateObjectMapping: 0.077900 ms MarkObjects: 2.578900 ms  DeleteObjects: 0.018000 ms)

AssetImportParameters requested are different than current active one (requested -> active):
  custom:framework-win-MediaFoundation: 216162199b28c13a410421893ffa2e32 -> 
  custom:video-decoder-ogg-theora: a1e56fd34408186e4bbccfd4996cb3dc -> 
  custom:container-muxer-webm: aa71ff27fc2769a1b78a27578f13a17b -> 
  custom:container-demuxer-webm: 4f35f7cbe854078d1ac9338744f61a02 -> 
  custom:container-demuxer-ogg: 62fdf1f143b41e24485cea50d1cbac27 -> 
  custom:video-encoder-webm-vp8: eb34c28f22e8b96e1ab97ce403110664 -> 
  custom:video-codec-MediaFoundation-h265: 746d11721c4dcdbdad8f713fa42b33f4 -> 
  custom:video-decoder-webm-vp8: 9c59270c3fd7afecdb556c50c9e8de78 -> 
  custom:audio-decoder-ogg-vorbis: bf7c407c2cedff20999df2af8eb42d56 -> 
  custom:audio-encoder-webm-vorbis: bf7c407c2cedff20999df2af8eb42d56 -> 
========================================================================
Received Import Request.
  Time since last request: 96.352181 seconds.
  path: Assets/Scenes/HelpMenu.unity
  artifactKey: Guid(8811b108a3aff2d4dac91fe031ad9b90) Importer(815301076,1909f56bfc062723c751e8b465ee728b)
Start importing Assets/Scenes/HelpMenu.unity using Guid(8811b108a3aff2d4dac91fe031ad9b90) Importer(815301076,1909f56bfc062723c751e8b465ee728b)  -> (artifact id: '119c134c7c9ac813f705d50bb2dd465c') in 0.010808 seconds 
  Import took 0.014002 seconds .

========================================================================
Received Import Request.
  Time since last request: 3.737230 seconds.
  path: Assets/Scenes/PauseScreen.unity
  artifactKey: Guid(ac604f29dc2b31146a3115cf71112b56) Importer(815301076,1909f56bfc062723c751e8b465ee728b)
Start importing Assets/Scenes/PauseScreen.unity using Guid(ac604f29dc2b31146a3115cf71112b56) Importer(815301076,1909f56bfc062723c751e8b465ee728b)  -> (artifact id: '41f5cde30eba46a93e655137ec630079') in 0.002272 seconds 
  Import took 0.005492 seconds .

========================================================================
Received Import Request.
  Time since last request: 0.000731 seconds.
  path: Assets/Scenes/PauseScreen.unity
  artifactKey: Guid(ac604f29dc2b31146a3115cf71112b56) Importer(815301076,1909f56bfc062723c751e8b465ee728b)
Start importing Assets/Scenes/PauseScreen.unity using Guid(ac604f29dc2b31146a3115cf71112b56) Importer(815301076,1909f56bfc062723c751e8b465ee728b)  -> (artifact id: '41f5cde30eba46a93e655137ec630079') in 0.001905 seconds 
  Import took 0.005007 seconds .

========================================================================
Received Import Request.
  Time since last request: 9.337850 seconds.
  path: Assets/Scenes/Level 1.unity
  artifactKey: Guid(be7bd5cf5ea7e4793b2c93b40a18d543) Importer(815301076,1909f56bfc062723c751e8b465ee728b)
Start importing Assets/Scenes/Level 1.unity using Guid(be7bd5cf5ea7e4793b2c93b40a18d543) Importer(815301076,1909f56bfc062723c751e8b465ee728b)  -> (artifact id: '68f4e2cadc4e901edd9655dd251cda5f') in 0.002286 seconds 
  Import took 0.005684 seconds .

========================================================================
Received Import Request.
  Time since last request: 0.000493 seconds.
  path: Assets/Scenes/Level 1.unity
  artifactKey: Guid(be7bd5cf5ea7e4793b2c93b40a18d543) Importer(815301076,1909f56bfc062723c751e8b465ee728b)
Start importing Assets/Scenes/Level 1.unity using Guid(be7bd5cf5ea7e4793b2c93b40a18d543) Importer(815301076,1909f56bfc062723c751e8b465ee728b)  -> (artifact id: '68f4e2cadc4e901edd9655dd251cda5f') in 0.002061 seconds 
  Import took 0.005323 seconds .

========================================================================
Received Import Request.
  Time since last request: 20.203099 seconds.
  path: Assets/Scenes/Level 2.unity
  artifactKey: Guid(fdcfe753942a949fe959f007fa982848) Importer(815301076,1909f56bfc062723c751e8b465ee728b)
Start importing Assets/Scenes/Level 2.unity using Guid(fdcfe753942a949fe959f007fa982848) Importer(815301076,1909f56bfc062723c751e8b465ee728b)  -> (artifact id: 'd6a3cf21ad9899f944362c742689f702') in 0.006813 seconds 
  Import took 0.010235 seconds .

========================================================================
Received Prepare
Registering precompiled user dll's ...
Registered in 0.003552 seconds.
Begin MonoManager ReloadAssembly
Native extension for WindowsStandalone target not found
Refreshing native plugins compatible for Editor in 0.47 ms, found 3 plugins.
Preloading 0 native plugins for Editor in 0.00 ms.
Mono: successfully reloaded assembly
- Completed reload, in  1.139 seconds
Domain Reload Profiling:
	ReloadAssembly (1139ms)
		BeginReloadAssembly (114ms)
			ExecutionOrderSort (0ms)
			DisableScriptedObjects (7ms)
			BackupInstance (0ms)
			ReleaseScriptingObjects (0ms)
			CreateAndSetChildDomain (37ms)
		EndReloadAssembly (956ms)
			LoadAssemblies (92ms)
			RebuildTransferFunctionScriptingTraits (0ms)
			SetupTypeCache (308ms)
			ReleaseScriptCaches (1ms)
			RebuildScriptCaches (45ms)
			SetupLoadedEditorAssemblies (398ms)
				LogAssemblyErrors (0ms)
				InitializePlatformSupportModulesInManaged (5ms)
				SetLoadedEditorAssemblies (1ms)
				RefreshPlugins (1ms)
				BeforeProcessingInitializeOnLoad (63ms)
				ProcessInitializeOnLoadAttributes (317ms)
				ProcessInitializeOnLoadMethodAttributes (6ms)
				AfterProcessingInitializeOnLoad (5ms)
				EditorAssembliesLoaded (0ms)
			ExecutionOrderSort2 (0ms)
			AwakeInstancesAfterBackupRestoration (11ms)
Platform modules already initialized, skipping
Refreshing native plugins compatible for Editor in 0.90 ms, found 3 plugins.
Preloading 0 native plugins for Editor in 0.00 ms.
Unloading 2119 Unused Serialized files (Serialized files now loaded: 0)
System memory in use before: 97.8 MB.
System memory in use after: 97.9 MB.

Unloading 16 unused Assets to reduce memory usage. Loaded Objects now: 2616.
Total: 3.254000 ms (FindLiveObjects: 0.204100 ms CreateObjectMapping: 0.089500 ms MarkObjects: 2.932100 ms  DeleteObjects: 0.026300 ms)

AssetImportParameters requested are different than current active one (requested -> active):
  custom:framework-win-MediaFoundation: 216162199b28c13a410421893ffa2e32 -> 
  custom:video-decoder-ogg-theora: a1e56fd34408186e4bbccfd4996cb3dc -> 
  custom:container-muxer-webm: aa71ff27fc2769a1b78a27578f13a17b -> 
  custom:container-demuxer-webm: 4f35f7cbe854078d1ac9338744f61a02 -> 
  custom:container-demuxer-ogg: 62fdf1f143b41e24485cea50d1cbac27 -> 
  custom:video-encoder-webm-vp8: eb34c28f22e8b96e1ab97ce403110664 -> 
  custom:video-codec-MediaFoundation-h265: 746d11721c4dcdbdad8f713fa42b33f4 -> 
  custom:video-decoder-webm-vp8: 9c59270c3fd7afecdb556c50c9e8de78 -> 
  custom:audio-decoder-ogg-vorbis: bf7c407c2cedff20999df2af8eb42d56 -> 
  custom:audio-encoder-webm-vorbis: bf7c407c2cedff20999df2af8eb42d56 -> 
========================================================================
Received Prepare
Registering precompiled user dll's ...
Registered in 0.004027 seconds.
Begin MonoManager ReloadAssembly
Native extension for WindowsStandalone target not found
Refreshing native plugins compatible for Editor in 0.46 ms, found 3 plugins.
Preloading 0 native plugins for Editor in 0.00 ms.
Mono: successfully reloaded assembly
- Completed reload, in  1.028 seconds
Domain Reload Profiling:
	ReloadAssembly (1028ms)
		BeginReloadAssembly (107ms)
			ExecutionOrderSort (0ms)
			DisableScriptedObjects (6ms)
			BackupInstance (0ms)
			ReleaseScriptingObjects (0ms)
			CreateAndSetChildDomain (31ms)
		EndReloadAssembly (866ms)
			LoadAssemblies (80ms)
			RebuildTransferFunctionScriptingTraits (0ms)
			SetupTypeCache (266ms)
			ReleaseScriptCaches (1ms)
			RebuildScriptCaches (49ms)
			SetupLoadedEditorAssemblies (356ms)
				LogAssemblyErrors (0ms)
				InitializePlatformSupportModulesInManaged (5ms)
				SetLoadedEditorAssemblies (0ms)
				RefreshPlugins (1ms)
				BeforeProcessingInitializeOnLoad (60ms)
				ProcessInitializeOnLoadAttributes (280ms)
				ProcessInitializeOnLoadMethodAttributes (6ms)
				AfterProcessingInitializeOnLoad (5ms)
				EditorAssembliesLoaded (0ms)
			ExecutionOrderSort2 (0ms)
			AwakeInstancesAfterBackupRestoration (10ms)
Platform modules already initialized, skipping
Refreshing native plugins compatible for Editor in 0.52 ms, found 3 plugins.
Preloading 0 native plugins for Editor in 0.00 ms.
Unloading 2119 Unused Serialized files (Serialized files now loaded: 0)
System memory in use before: 97.8 MB.
System memory in use after: 97.9 MB.

Unloading 16 unused Assets to reduce memory usage. Loaded Objects now: 2619.
Total: 2.877400 ms (FindLiveObjects: 0.209100 ms CreateObjectMapping: 0.085100 ms MarkObjects: 2.564000 ms  DeleteObjects: 0.017900 ms)

AssetImportParameters requested are different than current active one (requested -> active):
  custom:framework-win-MediaFoundation: 216162199b28c13a410421893ffa2e32 -> 
  custom:video-decoder-ogg-theora: a1e56fd34408186e4bbccfd4996cb3dc -> 
  custom:container-muxer-webm: aa71ff27fc2769a1b78a27578f13a17b -> 
  custom:container-demuxer-webm: 4f35f7cbe854078d1ac9338744f61a02 -> 
  custom:container-demuxer-ogg: 62fdf1f143b41e24485cea50d1cbac27 -> 
  custom:video-encoder-webm-vp8: eb34c28f22e8b96e1ab97ce403110664 -> 
  custom:video-codec-MediaFoundation-h265: 746d11721c4dcdbdad8f713fa42b33f4 -> 
  custom:video-decoder-webm-vp8: 9c59270c3fd7afecdb556c50c9e8de78 -> 
  custom:audio-decoder-ogg-vorbis: bf7c407c2cedff20999df2af8eb42d56 -> 
  custom:audio-encoder-webm-vorbis: bf7c407c2cedff20999df2af8eb42d56 -> 
AssetImportWorkerClient::OnTransportError - code=2 error=End of file
